[debug] [2021-03-16T19:06:23.887Z] ----------------------------------------------------------------------
[debug] [2021-03-16T19:06:23.890Z] Command:       C:\Program Files\nodejs\node.exe C:\Users\DELL\AppData\Roaming\npm\node_modules\firebase-tools\lib\bin\firebase.js emulators:start
[debug] [2021-03-16T19:06:23.890Z] CLI Version:   9.6.1
[debug] [2021-03-16T19:06:23.890Z] Platform:      win32
[debug] [2021-03-16T19:06:23.890Z] Node Version:  v14.15.4
[debug] [2021-03-16T19:06:23.891Z] Time:          Tue Mar 16 2021 22:06:23 GMT+0300 (GMT+03:00)
[debug] [2021-03-16T19:06:23.892Z] ----------------------------------------------------------------------
[debug] [2021-03-16T19:06:23.892Z] 
[debug] [2021-03-16T19:06:23.900Z] > command requires scopes: ["email","openid","https://www.googleapis.com/auth/cloudplatformprojects.readonly","https://www.googleapis.com/auth/firebase","https://www.googleapis.com/auth/cloud-platform"]
[debug] [2021-03-16T19:06:23.901Z] > authorizing via signed-in user
[info] i  emulators: Starting emulators: functions, hosting {"metadata":{"emulator":{"name":"hub"},"message":"Starting emulators: functions, hosting"}}
[debug] [2021-03-16T19:06:23.955Z] [hub] writing locator at C:\Users\DELL\AppData\Local\Temp\hub-amz-clone-e20bf.json
[warn] !  functions: The following emulators are not running, calls to these services from the Functions emulator will affect production: auth, firestore, database, pubsub {"metadata":{"emulator":{"name":"functions"},"message":"The following emulators are not running, calls to these services from the Functions emulator will affect production: \u001b[1mauth, firestore, database, pubsub\u001b[22m"}}
[warn] !  Your requested "node" version "12" doesn't match your global version "14" {"metadata":{"emulator":{"name":"functions"},"message":"Your requested \"node\" version \"12\" doesn't match your global version \"14\""}}
[debug] [2021-03-16T19:06:23.990Z] defaultcredentials: writing to file C:\Users\DELL\AppData\Roaming\firebase\koutaiba4it_gmail_com_application_default_credentials.json
[debug] [2021-03-16T19:06:23.993Z] Setting GAC to C:\Users\DELL\AppData\Roaming\firebase\koutaiba4it_gmail_com_application_default_credentials.json {"metadata":{"emulator":{"name":"functions"},"message":"Setting GAC to C:\\Users\\DELL\\AppData\\Roaming\\firebase\\koutaiba4it_gmail_com_application_default_credentials.json"}}
[debug] [2021-03-16T19:06:23.996Z] > refreshing access token with scopes: []
[debug] [2021-03-16T19:06:23.997Z] >>> HTTP REQUEST POST https://www.googleapis.com/oauth2/v3/token  
 <request body omitted>
[debug] [2021-03-16T19:06:24.384Z] <<< HTTP RESPONSE 200 {"expires":"Mon, 01 Jan 1990 00:00:00 GMT","pragma":"no-cache","cache-control":"no-cache, no-store, max-age=0, must-revalidate","date":"Tue, 16 Mar 2021 19:06:24 GMT","content-type":"application/json; charset=utf-8","vary":"X-Origin, Referer, Origin,Accept-Encoding","server":"scaffolding on HTTPServer2","x-xss-protection":"0","x-frame-options":"SAMEORIGIN","x-content-type-options":"nosniff","alt-svc":"h3-29=\":443\"; ma=2592000,h3-T051=\":443\"; ma=2592000,h3-Q050=\":443\"; ma=2592000,h3-Q046=\":443\"; ma=2592000,h3-Q043=\":443\"; ma=2592000,quic=\":443\"; ma=2592000; v=\"46,43\"","accept-ranges":"none","transfer-encoding":"chunked"}
[debug] [2021-03-16T19:06:24.403Z] >>> [apiv2][query] GET https://firebase.googleapis.com/v1beta1/projects/amz-clone-e20bf/adminSdkConfig [none]
[debug] [2021-03-16T19:06:25.011Z] <<< [apiv2][status] GET https://firebase.googleapis.com/v1beta1/projects/amz-clone-e20bf/adminSdkConfig 200
[debug] [2021-03-16T19:06:25.011Z] <<< [apiv2][body] GET https://firebase.googleapis.com/v1beta1/projects/amz-clone-e20bf/adminSdkConfig {"projectId":"amz-clone-e20bf","storageBucket":"amz-clone-e20bf.appspot.com","locationId":"us-central"}
[debug] [2021-03-16T19:06:25.042Z] >>> [apiv2][query] GET https://firebase.googleapis.com/v1beta1/projects/amz-clone-e20bf/webApps/-/config [none]
[debug] [2021-03-16T19:06:25.973Z] <<< [apiv2][status] GET https://firebase.googleapis.com/v1beta1/projects/amz-clone-e20bf/webApps/-/config 200
[debug] [2021-03-16T19:06:25.974Z] <<< [apiv2][body] GET https://firebase.googleapis.com/v1beta1/projects/amz-clone-e20bf/webApps/-/config {"projectId":"amz-clone-e20bf","appId":"1:652912015274:web:7fd8c996174d5b77f09dd3","storageBucket":"amz-clone-e20bf.appspot.com","locationId":"us-central","apiKey":"AIzaSyAlMS4nrnKuGKTJI98Zfd7HGdsUIt_TitM","authDomain":"amz-clone-e20bf.firebaseapp.com","messagingSenderId":"652912015274","measurementId":"G-DQ91H80WPH"}
[info] i  hosting: Serving hosting files from: build {"metadata":{"emulator":{"name":"hosting"},"message":"Serving hosting files from: \u001b[1mbuild\u001b[22m"}}
[info] +  hosting: Local server: http://localhost:5000 {"metadata":{"emulator":{"name":"hosting"},"message":"Local server: \u001b[4m\u001b[1mhttp://localhost:5000\u001b[22m\u001b[24m"}}
[warn] !  ui: Emulator UI unable to start on port 4000, starting on 4001 instead. {"metadata":{"emulator":{"name":"ui"},"message":"Emulator UI unable to start on port 4000, starting on 4001 instead."}}
[debug] [2021-03-16T19:06:26.158Z] Ignoring unsupported arg: auto_download {"metadata":{"emulator":{"name":"ui"},"message":"Ignoring unsupported arg: auto_download"}}
[debug] [2021-03-16T19:06:26.159Z] Ignoring unsupported arg: port {"metadata":{"emulator":{"name":"ui"},"message":"Ignoring unsupported arg: port"}}
[debug] [2021-03-16T19:06:26.159Z] Starting Emulator UI with command {"binary":"node","args":["C:\\Users\\DELL\\.cache\\firebase\\emulators\\ui-v1.4.2\\server.bundle.js"],"optionalArgs":[],"joinArgs":false} {"metadata":{"emulator":{"name":"ui"},"message":"Starting Emulator UI with command {\"binary\":\"node\",\"args\":[\"C:\\\\Users\\\\DELL\\\\.cache\\\\firebase\\\\emulators\\\\ui-v1.4.2\\\\server.bundle.js\"],\"optionalArgs\":[],\"joinArgs\":false}"}}
[info] i  ui: Emulator UI logging to ui-debug.log {"metadata":{"emulator":{"name":"ui"},"message":"Emulator UI logging to \u001b[1mui-debug.log\u001b[22m"}}
[debug] [2021-03-16T19:06:26.350Z] Web / API server started at http://localhost:4001
 {"metadata":{"emulator":{"name":"ui"},"message":"Web / API server started at http://localhost:4001\n"}}
[info] i  functions: Watching "C:\Users\DELL\Downloads\amazone-clone\functions" for Cloud Functions... {"metadata":{"emulator":{"name":"functions"},"message":"Watching \"C:\\Users\\DELL\\Downloads\\amazone-clone\\functions\" for Cloud Functions..."}}
[debug] [2021-03-16T19:06:26.483Z] [worker-pool] addWorker(~diagnostic~) {"metadata":{"emulator":{"name":"functions"},"message":"[worker-pool] addWorker(~diagnostic~)"}}
[debug] [2021-03-16T19:06:26.484Z] [worker-pool] Adding worker with key ~diagnostic~, total=1 {"metadata":{"emulator":{"name":"functions"},"message":"[worker-pool] Adding worker with key ~diagnostic~, total=1"}}
[debug] [2021-03-16T19:06:26.485Z] [worker-pool] submitWork(triggerId=) {"metadata":{"emulator":{"name":"functions"},"message":"[worker-pool] submitWork(triggerId=)"}}
[debug] [2021-03-16T19:06:26.487Z] [worker-~diagnostic~-1fe07869-5068-495d-aa84-075f0ad6350e]: Assigning socketPath: \\?\pipe\C:\Users\DELL\Downloads\amazone-clone\functions\19152 {"metadata":{"emulator":{"name":"functions"},"message":"[worker-~diagnostic~-1fe07869-5068-495d-aa84-075f0ad6350e]: Assigning socketPath: \\\\?\\pipe\\C:\\Users\\DELL\\Downloads\\amazone-clone\\functions\\19152"}}
[debug] [2021-03-16T19:06:26.488Z] [worker-~diagnostic~-1fe07869-5068-495d-aa84-075f0ad6350e]: BUSY {"metadata":{"emulator":{"name":"functions"},"message":"[worker-~diagnostic~-1fe07869-5068-495d-aa84-075f0ad6350e]: BUSY"}}
[debug] [2021-03-16T19:06:26.751Z] [runtime-status] [19152] Functions runtime initialized. {"cwd":"C:\\Users\\DELL\\Downloads\\amazone-clone\\functions","node_version":"14.15.4"} {"metadata":{"emulator":{"name":"functions"},"message":"[runtime-status] [19152] Functions runtime initialized. {\"cwd\":\"C:\\\\Users\\\\DELL\\\\Downloads\\\\amazone-clone\\\\functions\",\"node_version\":\"14.15.4\"}"}}
[debug] [2021-03-16T19:06:26.753Z] [runtime-status] [19152] Disabled runtime features: undefined {"metadata":{"emulator":{"name":"functions"},"message":"[runtime-status] [19152] Disabled runtime features: undefined"}}
[debug] [2021-03-16T19:06:26.756Z] [runtime-status] [19152] Resolved module firebase-admin {"declared":true,"installed":true,"version":"9.4.2","resolution":"C:\\Users\\DELL\\Downloads\\amazone-clone\\functions\\node_modules\\firebase-admin\\lib\\index.js"} {"metadata":{"emulator":{"name":"functions"},"message":"[runtime-status] [19152] Resolved module firebase-admin {\"declared\":true,\"installed\":true,\"version\":\"9.4.2\",\"resolution\":\"C:\\\\Users\\\\DELL\\\\Downloads\\\\amazone-clone\\\\functions\\\\node_modules\\\\firebase-admin\\\\lib\\\\index.js\"}"}}
[debug] [2021-03-16T19:06:26.758Z] [runtime-status] [19152] Resolved module firebase-functions {"declared":true,"installed":true,"version":"3.13.1","resolution":"C:\\Users\\DELL\\Downloads\\amazone-clone\\functions\\node_modules\\firebase-functions\\lib\\index.js"} {"metadata":{"emulator":{"name":"functions"},"message":"[runtime-status] [19152] Resolved module firebase-functions {\"declared\":true,\"installed\":true,\"version\":\"3.13.1\",\"resolution\":\"C:\\\\Users\\\\DELL\\\\Downloads\\\\amazone-clone\\\\functions\\\\node_modules\\\\firebase-functions\\\\lib\\\\index.js\"}"}}
[debug] [2021-03-16T19:06:26.760Z] [runtime-status] [19152] Resolved module firebase-functions {"declared":true,"installed":true,"version":"3.13.1","resolution":"C:\\Users\\DELL\\Downloads\\amazone-clone\\functions\\node_modules\\firebase-functions\\lib\\index.js"} {"metadata":{"emulator":{"name":"functions"},"message":"[runtime-status] [19152] Resolved module firebase-functions {\"declared\":true,\"installed\":true,\"version\":\"3.13.1\",\"resolution\":\"C:\\\\Users\\\\DELL\\\\Downloads\\\\amazone-clone\\\\functions\\\\node_modules\\\\firebase-functions\\\\lib\\\\index.js\"}"}}
[debug] [2021-03-16T19:06:26.762Z] [runtime-status] [19152] Outgoing network have been stubbed. [{"name":"http","status":"mocked"},{"name":"http","status":"mocked"},{"name":"https","status":"mocked"},{"name":"https","status":"mocked"},{"name":"net","status":"mocked"}] {"metadata":{"emulator":{"name":"functions"},"message":"[runtime-status] [19152] Outgoing network have been stubbed. [{\"name\":\"http\",\"status\":\"mocked\"},{\"name\":\"http\",\"status\":\"mocked\"},{\"name\":\"https\",\"status\":\"mocked\"},{\"name\":\"https\",\"status\":\"mocked\"},{\"name\":\"net\",\"status\":\"mocked\"}]"}}
[debug] [2021-03-16T19:06:26.763Z] [runtime-status] [19152] Resolved module firebase-functions {"declared":true,"installed":true,"version":"3.13.1","resolution":"C:\\Users\\DELL\\Downloads\\amazone-clone\\functions\\node_modules\\firebase-functions\\lib\\index.js"} {"metadata":{"emulator":{"name":"functions"},"message":"[runtime-status] [19152] Resolved module firebase-functions {\"declared\":true,\"installed\":true,\"version\":\"3.13.1\",\"resolution\":\"C:\\\\Users\\\\DELL\\\\Downloads\\\\amazone-clone\\\\functions\\\\node_modules\\\\firebase-functions\\\\lib\\\\index.js\"}"}}
[debug] [2021-03-16T19:06:26.817Z] [runtime-status] [19152] Checked functions.config() {"config":{}} {"metadata":{"emulator":{"name":"functions"},"message":"[runtime-status] [19152] Checked functions.config() {\"config\":{}}"}}
[debug] [2021-03-16T19:06:26.818Z] [runtime-status] [19152] firebase-functions has been stubbed. {"functionsResolution":{"declared":true,"installed":true,"version":"3.13.1","resolution":"C:\\Users\\DELL\\Downloads\\amazone-clone\\functions\\node_modules\\firebase-functions\\lib\\index.js"}} {"metadata":{"emulator":{"name":"functions"},"message":"[runtime-status] [19152] firebase-functions has been stubbed. {\"functionsResolution\":{\"declared\":true,\"installed\":true,\"version\":\"3.13.1\",\"resolution\":\"C:\\\\Users\\\\DELL\\\\Downloads\\\\amazone-clone\\\\functions\\\\node_modules\\\\firebase-functions\\\\lib\\\\index.js\"}}"}}
[debug] [2021-03-16T19:06:26.818Z] [runtime-status] [19152] Resolved module firebase-functions {"declared":true,"installed":true,"version":"3.13.1","resolution":"C:\\Users\\DELL\\Downloads\\amazone-clone\\functions\\node_modules\\firebase-functions\\lib\\index.js"} {"metadata":{"emulator":{"name":"functions"},"message":"[runtime-status] [19152] Resolved module firebase-functions {\"declared\":true,\"installed\":true,\"version\":\"3.13.1\",\"resolution\":\"C:\\\\Users\\\\DELL\\\\Downloads\\\\amazone-clone\\\\functions\\\\node_modules\\\\firebase-functions\\\\lib\\\\index.js\"}"}}
[debug] [2021-03-16T19:06:26.820Z] [runtime-status] [19152] Resolved module firebase-admin {"declared":true,"installed":true,"version":"9.4.2","resolution":"C:\\Users\\DELL\\Downloads\\amazone-clone\\functions\\node_modules\\firebase-admin\\lib\\index.js"} {"metadata":{"emulator":{"name":"functions"},"message":"[runtime-status] [19152] Resolved module firebase-admin {\"declared\":true,\"installed\":true,\"version\":\"9.4.2\",\"resolution\":\"C:\\\\Users\\\\DELL\\\\Downloads\\\\amazone-clone\\\\functions\\\\node_modules\\\\firebase-admin\\\\lib\\\\index.js\"}"}}
[debug] [2021-03-16T19:06:26.820Z] [runtime-status] [19152] Resolved module firebase-functions {"declared":true,"installed":true,"version":"3.13.1","resolution":"C:\\Users\\DELL\\Downloads\\amazone-clone\\functions\\node_modules\\firebase-functions\\lib\\index.js"} {"metadata":{"emulator":{"name":"functions"},"message":"[runtime-status] [19152] Resolved module firebase-functions {\"declared\":true,\"installed\":true,\"version\":\"3.13.1\",\"resolution\":\"C:\\\\Users\\\\DELL\\\\Downloads\\\\amazone-clone\\\\functions\\\\node_modules\\\\firebase-functions\\\\lib\\\\index.js\"}"}}
[debug] [2021-03-16T19:06:26.821Z] [runtime-status] [19152] firebase-admin has been stubbed. {"adminResolution":{"declared":true,"installed":true,"version":"9.4.2","resolution":"C:\\Users\\DELL\\Downloads\\amazone-clone\\functions\\node_modules\\firebase-admin\\lib\\index.js"}} {"metadata":{"emulator":{"name":"functions"},"message":"[runtime-status] [19152] firebase-admin has been stubbed. {\"adminResolution\":{\"declared\":true,\"installed\":true,\"version\":\"9.4.2\",\"resolution\":\"C:\\\\Users\\\\DELL\\\\Downloads\\\\amazone-clone\\\\functions\\\\node_modules\\\\firebase-admin\\\\lib\\\\index.js\"}}"}}
[info] +  functions[api]: http function initialized (http://localhost:5001/amz-clone-e20bf/us-central1/api). {"metadata":{"emulator":{"name":"functions"},"message":"\u001b[1mhttp\u001b[22m function initialized (http://localhost:5001/amz-clone-e20bf/us-central1/api)."}}
[info] 
┌─────────────────────────────────────────────────────────────┐
│ ✔  All emulators ready! It is now safe to connect your app. │
│ i  View Emulator UI at http://localhost:4001                │
└─────────────────────────────────────────────────────────────┘

┌───────────┬────────────────┬─────────────────────────────────┐
│ Emulator  │ Host:Port      │ View in Emulator UI             │
├───────────┼────────────────┼─────────────────────────────────┤
│ Functions │ localhost:5001 │ http://localhost:4001/functions │
├───────────┼────────────────┼─────────────────────────────────┤
│ Hosting   │ localhost:5000 │ n/a                             │
└───────────┴────────────────┴─────────────────────────────────┘
  Emulator Hub running at localhost:4400
  Other reserved ports: 4500

Issues? Report them at https://github.com/firebase/firebase-tools/issues and attach the *-debug.log files.
 
[debug] [2021-03-16T19:06:27.034Z] [worker-~diagnostic~-1fe07869-5068-495d-aa84-075f0ad6350e]: IDLE {"metadata":{"emulator":{"name":"functions"},"message":"[worker-~diagnostic~-1fe07869-5068-495d-aa84-075f0ad6350e]: IDLE"}}
[debug] [2021-03-16T19:06:35.319Z] [work-queue] {"queueLength":1,"workRunningCount":0}
[debug] [2021-03-16T19:06:35.319Z] [work-queue] {"queueLength":0,"workRunningCount":1}
[debug] [2021-03-16T19:06:35.320Z] Accepted request GET /amz-clone-e20bf/us-central1/api --> api
[debug] [2021-03-16T19:06:35.334Z] [worker-pool] addWorker(api) {"metadata":{"emulator":{"name":"functions"},"message":"[worker-pool] addWorker(api)"}}
[debug] [2021-03-16T19:06:35.334Z] [worker-pool] Adding worker with key api, total=1 {"metadata":{"emulator":{"name":"functions"},"message":"[worker-pool] Adding worker with key api, total=1"}}
[debug] [2021-03-16T19:06:35.335Z] [worker-pool] submitWork(triggerId=api) {"metadata":{"emulator":{"name":"functions"},"message":"[worker-pool] submitWork(triggerId=api)"}}
[debug] [2021-03-16T19:06:35.335Z] [worker-api-7c00a9eb-05a2-4648-92f5-d8877283ed52]: Assigning socketPath: \\?\pipe\C:\Users\DELL\Downloads\amazone-clone\functions\21936 {"metadata":{"emulator":{"name":"functions"},"message":"[worker-api-7c00a9eb-05a2-4648-92f5-d8877283ed52]: Assigning socketPath: \\\\?\\pipe\\C:\\Users\\DELL\\Downloads\\amazone-clone\\functions\\21936"}}
[debug] [2021-03-16T19:06:35.335Z] [worker-api-7c00a9eb-05a2-4648-92f5-d8877283ed52]: BUSY {"metadata":{"emulator":{"name":"functions"},"message":"[worker-api-7c00a9eb-05a2-4648-92f5-d8877283ed52]: BUSY"}}
[debug] [2021-03-16T19:06:35.581Z] [runtime-status] [21936] Functions runtime initialized. {"cwd":"C:\\Users\\DELL\\Downloads\\amazone-clone\\functions","node_version":"14.15.4"} {"metadata":{"emulator":{"name":"functions"},"function":{"name":"api"},"message":"[runtime-status] [21936] Functions runtime initialized. {\"cwd\":\"C:\\\\Users\\\\DELL\\\\Downloads\\\\amazone-clone\\\\functions\",\"node_version\":\"14.15.4\"}"}}
[debug] [2021-03-16T19:06:35.584Z] [runtime-status] [21936] Disabled runtime features: undefined {"metadata":{"emulator":{"name":"functions"},"function":{"name":"api"},"message":"[runtime-status] [21936] Disabled runtime features: undefined"}}
[debug] [2021-03-16T19:06:35.589Z] [runtime-status] [21936] Resolved module firebase-admin {"declared":true,"installed":true,"version":"9.4.2","resolution":"C:\\Users\\DELL\\Downloads\\amazone-clone\\functions\\node_modules\\firebase-admin\\lib\\index.js"} {"metadata":{"emulator":{"name":"functions"},"function":{"name":"api"},"message":"[runtime-status] [21936] Resolved module firebase-admin {\"declared\":true,\"installed\":true,\"version\":\"9.4.2\",\"resolution\":\"C:\\\\Users\\\\DELL\\\\Downloads\\\\amazone-clone\\\\functions\\\\node_modules\\\\firebase-admin\\\\lib\\\\index.js\"}"}}
[debug] [2021-03-16T19:06:35.592Z] [runtime-status] [21936] Resolved module firebase-functions {"declared":true,"installed":true,"version":"3.13.1","resolution":"C:\\Users\\DELL\\Downloads\\amazone-clone\\functions\\node_modules\\firebase-functions\\lib\\index.js"} {"metadata":{"emulator":{"name":"functions"},"function":{"name":"api"},"message":"[runtime-status] [21936] Resolved module firebase-functions {\"declared\":true,\"installed\":true,\"version\":\"3.13.1\",\"resolution\":\"C:\\\\Users\\\\DELL\\\\Downloads\\\\amazone-clone\\\\functions\\\\node_modules\\\\firebase-functions\\\\lib\\\\index.js\"}"}}
[debug] [2021-03-16T19:06:35.595Z] [runtime-status] [21936] Resolved module firebase-functions {"declared":true,"installed":true,"version":"3.13.1","resolution":"C:\\Users\\DELL\\Downloads\\amazone-clone\\functions\\node_modules\\firebase-functions\\lib\\index.js"} {"metadata":{"emulator":{"name":"functions"},"function":{"name":"api"},"message":"[runtime-status] [21936] Resolved module firebase-functions {\"declared\":true,\"installed\":true,\"version\":\"3.13.1\",\"resolution\":\"C:\\\\Users\\\\DELL\\\\Downloads\\\\amazone-clone\\\\functions\\\\node_modules\\\\firebase-functions\\\\lib\\\\index.js\"}"}}
[debug] [2021-03-16T19:06:35.597Z] [runtime-status] [21936] Outgoing network have been stubbed. [{"name":"http","status":"mocked"},{"name":"http","status":"mocked"},{"name":"https","status":"mocked"},{"name":"https","status":"mocked"},{"name":"net","status":"mocked"}] {"metadata":{"emulator":{"name":"functions"},"function":{"name":"api"},"message":"[runtime-status] [21936] Outgoing network have been stubbed. [{\"name\":\"http\",\"status\":\"mocked\"},{\"name\":\"http\",\"status\":\"mocked\"},{\"name\":\"https\",\"status\":\"mocked\"},{\"name\":\"https\",\"status\":\"mocked\"},{\"name\":\"net\",\"status\":\"mocked\"}]"}}
[debug] [2021-03-16T19:06:35.598Z] [runtime-status] [21936] Resolved module firebase-functions {"declared":true,"installed":true,"version":"3.13.1","resolution":"C:\\Users\\DELL\\Downloads\\amazone-clone\\functions\\node_modules\\firebase-functions\\lib\\index.js"} {"metadata":{"emulator":{"name":"functions"},"function":{"name":"api"},"message":"[runtime-status] [21936] Resolved module firebase-functions {\"declared\":true,\"installed\":true,\"version\":\"3.13.1\",\"resolution\":\"C:\\\\Users\\\\DELL\\\\Downloads\\\\amazone-clone\\\\functions\\\\node_modules\\\\firebase-functions\\\\lib\\\\index.js\"}"}}
[debug] [2021-03-16T19:06:35.667Z] [runtime-status] [21936] Checked functions.config() {"config":{}} {"metadata":{"emulator":{"name":"functions"},"function":{"name":"api"},"message":"[runtime-status] [21936] Checked functions.config() {\"config\":{}}"}}
[debug] [2021-03-16T19:06:35.667Z] [runtime-status] [21936] firebase-functions has been stubbed. {"functionsResolution":{"declared":true,"installed":true,"version":"3.13.1","resolution":"C:\\Users\\DELL\\Downloads\\amazone-clone\\functions\\node_modules\\firebase-functions\\lib\\index.js"}} {"metadata":{"emulator":{"name":"functions"},"function":{"name":"api"},"message":"[runtime-status] [21936] firebase-functions has been stubbed. {\"functionsResolution\":{\"declared\":true,\"installed\":true,\"version\":\"3.13.1\",\"resolution\":\"C:\\\\Users\\\\DELL\\\\Downloads\\\\amazone-clone\\\\functions\\\\node_modules\\\\firebase-functions\\\\lib\\\\index.js\"}}"}}
[debug] [2021-03-16T19:06:35.668Z] [runtime-status] [21936] Resolved module firebase-functions {"declared":true,"installed":true,"version":"3.13.1","resolution":"C:\\Users\\DELL\\Downloads\\amazone-clone\\functions\\node_modules\\firebase-functions\\lib\\index.js"} {"metadata":{"emulator":{"name":"functions"},"function":{"name":"api"},"message":"[runtime-status] [21936] Resolved module firebase-functions {\"declared\":true,\"installed\":true,\"version\":\"3.13.1\",\"resolution\":\"C:\\\\Users\\\\DELL\\\\Downloads\\\\amazone-clone\\\\functions\\\\node_modules\\\\firebase-functions\\\\lib\\\\index.js\"}"}}
[debug] [2021-03-16T19:06:35.670Z] [runtime-status] [21936] Resolved module firebase-admin {"declared":true,"installed":true,"version":"9.4.2","resolution":"C:\\Users\\DELL\\Downloads\\amazone-clone\\functions\\node_modules\\firebase-admin\\lib\\index.js"} {"metadata":{"emulator":{"name":"functions"},"function":{"name":"api"},"message":"[runtime-status] [21936] Resolved module firebase-admin {\"declared\":true,\"installed\":true,\"version\":\"9.4.2\",\"resolution\":\"C:\\\\Users\\\\DELL\\\\Downloads\\\\amazone-clone\\\\functions\\\\node_modules\\\\firebase-admin\\\\lib\\\\index.js\"}"}}
[debug] [2021-03-16T19:06:35.671Z] [runtime-status] [21936] Resolved module firebase-functions {"declared":true,"installed":true,"version":"3.13.1","resolution":"C:\\Users\\DELL\\Downloads\\amazone-clone\\functions\\node_modules\\firebase-functions\\lib\\index.js"} {"metadata":{"emulator":{"name":"functions"},"function":{"name":"api"},"message":"[runtime-status] [21936] Resolved module firebase-functions {\"declared\":true,\"installed\":true,\"version\":\"3.13.1\",\"resolution\":\"C:\\\\Users\\\\DELL\\\\Downloads\\\\amazone-clone\\\\functions\\\\node_modules\\\\firebase-functions\\\\lib\\\\index.js\"}"}}
[debug] [2021-03-16T19:06:35.671Z] [runtime-status] [21936] firebase-admin has been stubbed. {"adminResolution":{"declared":true,"installed":true,"version":"9.4.2","resolution":"C:\\Users\\DELL\\Downloads\\amazone-clone\\functions\\node_modules\\firebase-admin\\lib\\index.js"}} {"metadata":{"emulator":{"name":"functions"},"function":{"name":"api"},"message":"[runtime-status] [21936] firebase-admin has been stubbed. {\"adminResolution\":{\"declared\":true,\"installed\":true,\"version\":\"9.4.2\",\"resolution\":\"C:\\\\Users\\\\DELL\\\\Downloads\\\\amazone-clone\\\\functions\\\\node_modules\\\\firebase-admin\\\\lib\\\\index.js\"}}"}}
[debug] [2021-03-16T19:06:35.873Z] [runtime-status] [21936] Trigger "api" has been found, beginning invocation! {"metadata":{"emulator":{"name":"functions"},"function":{"name":"api"},"message":"[runtime-status] [21936] Trigger \"api\" has been found, beginning invocation!"}}
[info] i  functions: Beginning execution of "api" {"metadata":{"emulator":{"name":"functions"},"function":{"name":"api"},"message":"Beginning execution of \"api\""}}
[debug] [2021-03-16T19:06:35.875Z] [runtime-status] [21936] triggerDefinition {"httpsTrigger":{},"name":"api","entryPoint":"api"} {"metadata":{"emulator":{"name":"functions"},"function":{"name":"api"},"message":"[runtime-status] [21936] triggerDefinition {\"httpsTrigger\":{},\"name\":\"api\",\"entryPoint\":\"api\"}"}}
[debug] [2021-03-16T19:06:35.876Z] [runtime-status] [21936] Running api in mode HTTPS {"metadata":{"emulator":{"name":"functions"},"function":{"name":"api"},"message":"[runtime-status] [21936] Running api in mode HTTPS"}}
[debug] [2021-03-16T19:06:35.882Z] [runtime-status] [21936] Attempting to listen to socketPath: \\?\pipe\C:\Users\DELL\Downloads\amazone-clone\functions\21936 {"metadata":{"emulator":{"name":"functions"},"function":{"name":"api"},"message":"[runtime-status] [21936] Attempting to listen to socketPath: \\\\?\\pipe\\C:\\Users\\DELL\\Downloads\\amazone-clone\\functions\\21936"}}
[debug] [2021-03-16T19:06:35.886Z] [functions] Runtime ready! Sending request! {"metadata":{"emulator":{"name":"functions"},"message":"[functions] Runtime ready! Sending request!"}}
[debug] [2021-03-16T19:06:35.887Z] [functions] Got req.url=/amz-clone-e20bf/us-central1/api, mapping to path=/ {"metadata":{"emulator":{"name":"functions"},"message":"[functions] Got req.url=/amz-clone-e20bf/us-central1/api, mapping to path=/"}}
[debug] [2021-03-16T19:06:35.899Z] [runtime-status] [21936] Ephemeral server handling GET request {"metadata":{"emulator":{"name":"functions"},"function":{"name":"api"},"message":"[runtime-status] [21936] Ephemeral server handling GET request"}}
[debug] [2021-03-16T19:06:35.917Z] [runtime-status] [21936] Ephemeral server survived. {"metadata":{"emulator":{"name":"functions"},"function":{"name":"api"},"message":"[runtime-status] [21936] Ephemeral server survived."}}
[info] i  functions: Finished "api" in ~1s {"metadata":{"emulator":{"name":"functions"},"function":{"name":"api"},"message":"Finished \"api\" in ~1s"}}
[debug] [2021-03-16T19:06:35.929Z] [worker-api-7c00a9eb-05a2-4648-92f5-d8877283ed52]: IDLE {"metadata":{"emulator":{"name":"functions"},"message":"[worker-api-7c00a9eb-05a2-4648-92f5-d8877283ed52]: IDLE"}}
[debug] [2021-03-16T19:06:35.930Z] [work-queue] {"queueLength":0,"workRunningCount":0}
[debug] [2021-03-16T19:06:37.737Z] [work-queue] {"queueLength":1,"workRunningCount":0}
[debug] [2021-03-16T19:06:37.737Z] [work-queue] {"queueLength":0,"workRunningCount":1}
[debug] [2021-03-16T19:06:37.738Z] Accepted request GET /amz-clone-e20bf/us-central1/api --> api
[debug] [2021-03-16T19:06:37.739Z] [worker-pool] submitWork(triggerId=api) {"metadata":{"emulator":{"name":"functions"},"message":"[worker-pool] submitWork(triggerId=api)"}}
[debug] [2021-03-16T19:06:37.740Z] [worker-api-7c00a9eb-05a2-4648-92f5-d8877283ed52]: Assigning socketPath: \\?\pipe\C:\Users\DELL\Downloads\amazone-clone\functions\21936 {"metadata":{"emulator":{"name":"functions"},"message":"[worker-api-7c00a9eb-05a2-4648-92f5-d8877283ed52]: Assigning socketPath: \\\\?\\pipe\\C:\\Users\\DELL\\Downloads\\amazone-clone\\functions\\21936"}}
[debug] [2021-03-16T19:06:37.740Z] [worker-api-7c00a9eb-05a2-4648-92f5-d8877283ed52]: BUSY {"metadata":{"emulator":{"name":"functions"},"message":"[worker-api-7c00a9eb-05a2-4648-92f5-d8877283ed52]: BUSY"}}
[debug] [2021-03-16T19:06:37.741Z] [runtime-status] [21936] Trigger "api" has been found, beginning invocation! {"metadata":{"emulator":{"name":"functions"},"function":{"name":"api"},"message":"[runtime-status] [21936] Trigger \"api\" has been found, beginning invocation!"}}
[info] i  functions: Beginning execution of "api" {"metadata":{"emulator":{"name":"functions"},"function":{"name":"api"},"message":"Beginning execution of \"api\""}}
[debug] [2021-03-16T19:06:37.743Z] [runtime-status] [21936] triggerDefinition {"httpsTrigger":{},"name":"api","entryPoint":"api"} {"metadata":{"emulator":{"name":"functions"},"function":{"name":"api"},"message":"[runtime-status] [21936] triggerDefinition {\"httpsTrigger\":{},\"name\":\"api\",\"entryPoint\":\"api\"}"}}
[debug] [2021-03-16T19:06:37.743Z] [runtime-status] [21936] Running api in mode HTTPS {"metadata":{"emulator":{"name":"functions"},"function":{"name":"api"},"message":"[runtime-status] [21936] Running api in mode HTTPS"}}
[debug] [2021-03-16T19:06:37.744Z] [runtime-status] [21936] Attempting to listen to socketPath: \\?\pipe\C:\Users\DELL\Downloads\amazone-clone\functions\21936 {"metadata":{"emulator":{"name":"functions"},"function":{"name":"api"},"message":"[runtime-status] [21936] Attempting to listen to socketPath: \\\\?\\pipe\\C:\\Users\\DELL\\Downloads\\amazone-clone\\functions\\21936"}}
[debug] [2021-03-16T19:06:37.746Z] [functions] Runtime ready! Sending request! {"metadata":{"emulator":{"name":"functions"},"message":"[functions] Runtime ready! Sending request!"}}
[debug] [2021-03-16T19:06:37.746Z] [functions] Got req.url=/amz-clone-e20bf/us-central1/api, mapping to path=/ {"metadata":{"emulator":{"name":"functions"},"message":"[functions] Got req.url=/amz-clone-e20bf/us-central1/api, mapping to path=/"}}
[debug] [2021-03-16T19:06:37.752Z] [runtime-status] [21936] Ephemeral server handling GET request {"metadata":{"emulator":{"name":"functions"},"function":{"name":"api"},"message":"[runtime-status] [21936] Ephemeral server handling GET request"}}
[debug] [2021-03-16T19:06:37.755Z] [runtime-status] [21936] Ephemeral server survived. {"metadata":{"emulator":{"name":"functions"},"function":{"name":"api"},"message":"[runtime-status] [21936] Ephemeral server survived."}}
[info] i  functions: Finished "api" in ~1s {"metadata":{"emulator":{"name":"functions"},"function":{"name":"api"},"message":"Finished \"api\" in ~1s"}}
[debug] [2021-03-16T19:06:37.757Z] [worker-api-7c00a9eb-05a2-4648-92f5-d8877283ed52]: IDLE {"metadata":{"emulator":{"name":"functions"},"message":"[worker-api-7c00a9eb-05a2-4648-92f5-d8877283ed52]: IDLE"}}
[debug] [2021-03-16T19:06:37.758Z] [work-queue] {"queueLength":0,"workRunningCount":0}
[debug] [2021-03-16T19:06:41.693Z] [work-queue] {"queueLength":1,"workRunningCount":0}
[debug] [2021-03-16T19:06:41.693Z] [work-queue] {"queueLength":0,"workRunningCount":1}
[debug] [2021-03-16T19:06:41.693Z] Accepted request GET /amz-clone-e20bf/us-central1/api --> api
[debug] [2021-03-16T19:06:41.694Z] [worker-pool] submitWork(triggerId=api) {"metadata":{"emulator":{"name":"functions"},"message":"[worker-pool] submitWork(triggerId=api)"}}
[debug] [2021-03-16T19:06:41.694Z] [worker-api-7c00a9eb-05a2-4648-92f5-d8877283ed52]: Assigning socketPath: \\?\pipe\C:\Users\DELL\Downloads\amazone-clone\functions\21936 {"metadata":{"emulator":{"name":"functions"},"message":"[worker-api-7c00a9eb-05a2-4648-92f5-d8877283ed52]: Assigning socketPath: \\\\?\\pipe\\C:\\Users\\DELL\\Downloads\\amazone-clone\\functions\\21936"}}
[debug] [2021-03-16T19:06:41.695Z] [worker-api-7c00a9eb-05a2-4648-92f5-d8877283ed52]: BUSY {"metadata":{"emulator":{"name":"functions"},"message":"[worker-api-7c00a9eb-05a2-4648-92f5-d8877283ed52]: BUSY"}}
[debug] [2021-03-16T19:06:41.696Z] [runtime-status] [21936] Trigger "api" has been found, beginning invocation! {"metadata":{"emulator":{"name":"functions"},"function":{"name":"api"},"message":"[runtime-status] [21936] Trigger \"api\" has been found, beginning invocation!"}}
[info] i  functions: Beginning execution of "api" {"metadata":{"emulator":{"name":"functions"},"function":{"name":"api"},"message":"Beginning execution of \"api\""}}
[debug] [2021-03-16T19:06:41.697Z] [runtime-status] [21936] triggerDefinition {"httpsTrigger":{},"name":"api","entryPoint":"api"} {"metadata":{"emulator":{"name":"functions"},"function":{"name":"api"},"message":"[runtime-status] [21936] triggerDefinition {\"httpsTrigger\":{},\"name\":\"api\",\"entryPoint\":\"api\"}"}}
[debug] [2021-03-16T19:06:41.698Z] [runtime-status] [21936] Running api in mode HTTPS {"metadata":{"emulator":{"name":"functions"},"function":{"name":"api"},"message":"[runtime-status] [21936] Running api in mode HTTPS"}}
[debug] [2021-03-16T19:06:41.698Z] [runtime-status] [21936] Attempting to listen to socketPath: \\?\pipe\C:\Users\DELL\Downloads\amazone-clone\functions\21936 {"metadata":{"emulator":{"name":"functions"},"function":{"name":"api"},"message":"[runtime-status] [21936] Attempting to listen to socketPath: \\\\?\\pipe\\C:\\Users\\DELL\\Downloads\\amazone-clone\\functions\\21936"}}
[debug] [2021-03-16T19:06:41.700Z] [functions] Runtime ready! Sending request! {"metadata":{"emulator":{"name":"functions"},"message":"[functions] Runtime ready! Sending request!"}}
[debug] [2021-03-16T19:06:41.701Z] [functions] Got req.url=/amz-clone-e20bf/us-central1/api, mapping to path=/ {"metadata":{"emulator":{"name":"functions"},"message":"[functions] Got req.url=/amz-clone-e20bf/us-central1/api, mapping to path=/"}}
[debug] [2021-03-16T19:06:41.704Z] [runtime-status] [21936] Ephemeral server handling GET request {"metadata":{"emulator":{"name":"functions"},"function":{"name":"api"},"message":"[runtime-status] [21936] Ephemeral server handling GET request"}}
[debug] [2021-03-16T19:06:41.707Z] [runtime-status] [21936] Ephemeral server survived. {"metadata":{"emulator":{"name":"functions"},"function":{"name":"api"},"message":"[runtime-status] [21936] Ephemeral server survived."}}
[info] i  functions: Finished "api" in ~1s {"metadata":{"emulator":{"name":"functions"},"function":{"name":"api"},"message":"Finished \"api\" in ~1s"}}
[debug] [2021-03-16T19:06:41.711Z] [worker-api-7c00a9eb-05a2-4648-92f5-d8877283ed52]: IDLE {"metadata":{"emulator":{"name":"functions"},"message":"[worker-api-7c00a9eb-05a2-4648-92f5-d8877283ed52]: IDLE"}}
[debug] [2021-03-16T19:06:41.711Z] [work-queue] {"queueLength":0,"workRunningCount":0}
[debug] [2021-03-16T19:07:18.882Z] [work-queue] {"queueLength":1,"workRunningCount":0}
[debug] [2021-03-16T19:07:18.883Z] [work-queue] {"queueLength":0,"workRunningCount":1}
[debug] [2021-03-16T19:07:18.884Z] Accepted request GET /amz-clone-e20bf/us-central1/api --> api
[debug] [2021-03-16T19:07:18.884Z] [worker-pool] submitWork(triggerId=api) {"metadata":{"emulator":{"name":"functions"},"message":"[worker-pool] submitWork(triggerId=api)"}}
[debug] [2021-03-16T19:07:18.885Z] [worker-api-7c00a9eb-05a2-4648-92f5-d8877283ed52]: Assigning socketPath: \\?\pipe\C:\Users\DELL\Downloads\amazone-clone\functions\21936 {"metadata":{"emulator":{"name":"functions"},"message":"[worker-api-7c00a9eb-05a2-4648-92f5-d8877283ed52]: Assigning socketPath: \\\\?\\pipe\\C:\\Users\\DELL\\Downloads\\amazone-clone\\functions\\21936"}}
[debug] [2021-03-16T19:07:18.886Z] [worker-api-7c00a9eb-05a2-4648-92f5-d8877283ed52]: BUSY {"metadata":{"emulator":{"name":"functions"},"message":"[worker-api-7c00a9eb-05a2-4648-92f5-d8877283ed52]: BUSY"}}
[debug] [2021-03-16T19:07:18.888Z] [runtime-status] [21936] Trigger "api" has been found, beginning invocation! {"metadata":{"emulator":{"name":"functions"},"function":{"name":"api"},"message":"[runtime-status] [21936] Trigger \"api\" has been found, beginning invocation!"}}
[info] i  functions: Beginning execution of "api" {"metadata":{"emulator":{"name":"functions"},"function":{"name":"api"},"message":"Beginning execution of \"api\""}}
[debug] [2021-03-16T19:07:18.895Z] [runtime-status] [21936] triggerDefinition {"httpsTrigger":{},"name":"api","entryPoint":"api"} {"metadata":{"emulator":{"name":"functions"},"function":{"name":"api"},"message":"[runtime-status] [21936] triggerDefinition {\"httpsTrigger\":{},\"name\":\"api\",\"entryPoint\":\"api\"}"}}
[debug] [2021-03-16T19:07:18.897Z] [runtime-status] [21936] Running api in mode HTTPS {"metadata":{"emulator":{"name":"functions"},"function":{"name":"api"},"message":"[runtime-status] [21936] Running api in mode HTTPS"}}
[debug] [2021-03-16T19:07:18.899Z] [runtime-status] [21936] Attempting to listen to socketPath: \\?\pipe\C:\Users\DELL\Downloads\amazone-clone\functions\21936 {"metadata":{"emulator":{"name":"functions"},"function":{"name":"api"},"message":"[runtime-status] [21936] Attempting to listen to socketPath: \\\\?\\pipe\\C:\\Users\\DELL\\Downloads\\amazone-clone\\functions\\21936"}}
[debug] [2021-03-16T19:07:18.912Z] [functions] Runtime ready! Sending request! {"metadata":{"emulator":{"name":"functions"},"message":"[functions] Runtime ready! Sending request!"}}
[debug] [2021-03-16T19:07:18.913Z] [functions] Got req.url=/amz-clone-e20bf/us-central1/api, mapping to path=/ {"metadata":{"emulator":{"name":"functions"},"message":"[functions] Got req.url=/amz-clone-e20bf/us-central1/api, mapping to path=/"}}
[debug] [2021-03-16T19:07:18.922Z] [runtime-status] [21936] Ephemeral server handling GET request {"metadata":{"emulator":{"name":"functions"},"function":{"name":"api"},"message":"[runtime-status] [21936] Ephemeral server handling GET request"}}
[debug] [2021-03-16T19:07:18.926Z] [runtime-status] [21936] Ephemeral server survived. {"metadata":{"emulator":{"name":"functions"},"function":{"name":"api"},"message":"[runtime-status] [21936] Ephemeral server survived."}}
[info] i  functions: Finished "api" in ~1s {"metadata":{"emulator":{"name":"functions"},"function":{"name":"api"},"message":"Finished \"api\" in ~1s"}}
[debug] [2021-03-16T19:07:18.929Z] [worker-api-7c00a9eb-05a2-4648-92f5-d8877283ed52]: IDLE {"metadata":{"emulator":{"name":"functions"},"message":"[worker-api-7c00a9eb-05a2-4648-92f5-d8877283ed52]: IDLE"}}
[debug] [2021-03-16T19:07:18.930Z] [work-queue] {"queueLength":0,"workRunningCount":0}
[debug] [2021-03-16T19:07:20.476Z] [work-queue] {"queueLength":1,"workRunningCount":0}
[debug] [2021-03-16T19:07:20.476Z] [work-queue] {"queueLength":0,"workRunningCount":1}
[debug] [2021-03-16T19:07:20.476Z] Accepted request GET /amz-clone-e20bf/us-central1/api --> api
[debug] [2021-03-16T19:07:20.477Z] [worker-pool] submitWork(triggerId=api) {"metadata":{"emulator":{"name":"functions"},"message":"[worker-pool] submitWork(triggerId=api)"}}
[debug] [2021-03-16T19:07:20.477Z] [worker-api-7c00a9eb-05a2-4648-92f5-d8877283ed52]: Assigning socketPath: \\?\pipe\C:\Users\DELL\Downloads\amazone-clone\functions\21936 {"metadata":{"emulator":{"name":"functions"},"message":"[worker-api-7c00a9eb-05a2-4648-92f5-d8877283ed52]: Assigning socketPath: \\\\?\\pipe\\C:\\Users\\DELL\\Downloads\\amazone-clone\\functions\\21936"}}
[debug] [2021-03-16T19:07:20.477Z] [worker-api-7c00a9eb-05a2-4648-92f5-d8877283ed52]: BUSY {"metadata":{"emulator":{"name":"functions"},"message":"[worker-api-7c00a9eb-05a2-4648-92f5-d8877283ed52]: BUSY"}}
[debug] [2021-03-16T19:07:20.478Z] [runtime-status] [21936] Trigger "api" has been found, beginning invocation! {"metadata":{"emulator":{"name":"functions"},"function":{"name":"api"},"message":"[runtime-status] [21936] Trigger \"api\" has been found, beginning invocation!"}}
[info] i  functions: Beginning execution of "api" {"metadata":{"emulator":{"name":"functions"},"function":{"name":"api"},"message":"Beginning execution of \"api\""}}
[debug] [2021-03-16T19:07:20.480Z] [runtime-status] [21936] triggerDefinition {"httpsTrigger":{},"name":"api","entryPoint":"api"} {"metadata":{"emulator":{"name":"functions"},"function":{"name":"api"},"message":"[runtime-status] [21936] triggerDefinition {\"httpsTrigger\":{},\"name\":\"api\",\"entryPoint\":\"api\"}"}}
[debug] [2021-03-16T19:07:20.481Z] [runtime-status] [21936] Running api in mode HTTPS {"metadata":{"emulator":{"name":"functions"},"function":{"name":"api"},"message":"[runtime-status] [21936] Running api in mode HTTPS"}}
[debug] [2021-03-16T19:07:20.481Z] [runtime-status] [21936] Attempting to listen to socketPath: \\?\pipe\C:\Users\DELL\Downloads\amazone-clone\functions\21936 {"metadata":{"emulator":{"name":"functions"},"function":{"name":"api"},"message":"[runtime-status] [21936] Attempting to listen to socketPath: \\\\?\\pipe\\C:\\Users\\DELL\\Downloads\\amazone-clone\\functions\\21936"}}
[debug] [2021-03-16T19:07:20.482Z] [functions] Runtime ready! Sending request! {"metadata":{"emulator":{"name":"functions"},"message":"[functions] Runtime ready! Sending request!"}}
[debug] [2021-03-16T19:07:20.483Z] [functions] Got req.url=/amz-clone-e20bf/us-central1/api, mapping to path=/ {"metadata":{"emulator":{"name":"functions"},"message":"[functions] Got req.url=/amz-clone-e20bf/us-central1/api, mapping to path=/"}}
[debug] [2021-03-16T19:07:20.488Z] [runtime-status] [21936] Ephemeral server handling GET request {"metadata":{"emulator":{"name":"functions"},"function":{"name":"api"},"message":"[runtime-status] [21936] Ephemeral server handling GET request"}}
[debug] [2021-03-16T19:07:20.490Z] [runtime-status] [21936] Ephemeral server survived. {"metadata":{"emulator":{"name":"functions"},"function":{"name":"api"},"message":"[runtime-status] [21936] Ephemeral server survived."}}
[info] i  functions: Finished "api" in ~1s {"metadata":{"emulator":{"name":"functions"},"function":{"name":"api"},"message":"Finished \"api\" in ~1s"}}
[debug] [2021-03-16T19:07:20.492Z] [worker-api-7c00a9eb-05a2-4648-92f5-d8877283ed52]: IDLE {"metadata":{"emulator":{"name":"functions"},"message":"[worker-api-7c00a9eb-05a2-4648-92f5-d8877283ed52]: IDLE"}}
[debug] [2021-03-16T19:07:20.492Z] [work-queue] {"queueLength":0,"workRunningCount":0}
[debug] [2021-03-16T19:07:21.686Z] [work-queue] {"queueLength":1,"workRunningCount":0}
[debug] [2021-03-16T19:07:21.686Z] [work-queue] {"queueLength":0,"workRunningCount":1}
[debug] [2021-03-16T19:07:21.686Z] Accepted request GET /amz-clone-e20bf/us-central1/api --> api
[debug] [2021-03-16T19:07:21.686Z] [worker-pool] submitWork(triggerId=api) {"metadata":{"emulator":{"name":"functions"},"message":"[worker-pool] submitWork(triggerId=api)"}}
[debug] [2021-03-16T19:07:21.686Z] [worker-api-7c00a9eb-05a2-4648-92f5-d8877283ed52]: Assigning socketPath: \\?\pipe\C:\Users\DELL\Downloads\amazone-clone\functions\21936 {"metadata":{"emulator":{"name":"functions"},"message":"[worker-api-7c00a9eb-05a2-4648-92f5-d8877283ed52]: Assigning socketPath: \\\\?\\pipe\\C:\\Users\\DELL\\Downloads\\amazone-clone\\functions\\21936"}}
[debug] [2021-03-16T19:07:21.687Z] [worker-api-7c00a9eb-05a2-4648-92f5-d8877283ed52]: BUSY {"metadata":{"emulator":{"name":"functions"},"message":"[worker-api-7c00a9eb-05a2-4648-92f5-d8877283ed52]: BUSY"}}
[debug] [2021-03-16T19:07:21.688Z] [runtime-status] [21936] Trigger "api" has been found, beginning invocation! {"metadata":{"emulator":{"name":"functions"},"function":{"name":"api"},"message":"[runtime-status] [21936] Trigger \"api\" has been found, beginning invocation!"}}
[info] i  functions: Beginning execution of "api" {"metadata":{"emulator":{"name":"functions"},"function":{"name":"api"},"message":"Beginning execution of \"api\""}}
[debug] [2021-03-16T19:07:21.689Z] [runtime-status] [21936] triggerDefinition {"httpsTrigger":{},"name":"api","entryPoint":"api"} {"metadata":{"emulator":{"name":"functions"},"function":{"name":"api"},"message":"[runtime-status] [21936] triggerDefinition {\"httpsTrigger\":{},\"name\":\"api\",\"entryPoint\":\"api\"}"}}
[debug] [2021-03-16T19:07:21.690Z] [runtime-status] [21936] Running api in mode HTTPS {"metadata":{"emulator":{"name":"functions"},"function":{"name":"api"},"message":"[runtime-status] [21936] Running api in mode HTTPS"}}
[debug] [2021-03-16T19:07:21.691Z] [runtime-status] [21936] Attempting to listen to socketPath: \\?\pipe\C:\Users\DELL\Downloads\amazone-clone\functions\21936 {"metadata":{"emulator":{"name":"functions"},"function":{"name":"api"},"message":"[runtime-status] [21936] Attempting to listen to socketPath: \\\\?\\pipe\\C:\\Users\\DELL\\Downloads\\amazone-clone\\functions\\21936"}}
[debug] [2021-03-16T19:07:21.693Z] [functions] Runtime ready! Sending request! {"metadata":{"emulator":{"name":"functions"},"message":"[functions] Runtime ready! Sending request!"}}
[debug] [2021-03-16T19:07:21.694Z] [functions] Got req.url=/amz-clone-e20bf/us-central1/api, mapping to path=/ {"metadata":{"emulator":{"name":"functions"},"message":"[functions] Got req.url=/amz-clone-e20bf/us-central1/api, mapping to path=/"}}
[debug] [2021-03-16T19:07:21.697Z] [runtime-status] [21936] Ephemeral server handling GET request {"metadata":{"emulator":{"name":"functions"},"function":{"name":"api"},"message":"[runtime-status] [21936] Ephemeral server handling GET request"}}
[debug] [2021-03-16T19:07:21.700Z] [runtime-status] [21936] Ephemeral server survived. {"metadata":{"emulator":{"name":"functions"},"function":{"name":"api"},"message":"[runtime-status] [21936] Ephemeral server survived."}}
[info] i  functions: Finished "api" in ~1s {"metadata":{"emulator":{"name":"functions"},"function":{"name":"api"},"message":"Finished \"api\" in ~1s"}}
[debug] [2021-03-16T19:07:21.702Z] [worker-api-7c00a9eb-05a2-4648-92f5-d8877283ed52]: IDLE {"metadata":{"emulator":{"name":"functions"},"message":"[worker-api-7c00a9eb-05a2-4648-92f5-d8877283ed52]: IDLE"}}
[debug] [2021-03-16T19:07:21.702Z] [work-queue] {"queueLength":0,"workRunningCount":0}
[debug] [2021-03-16T19:07:23.045Z] [work-queue] {"queueLength":1,"workRunningCount":0}
[debug] [2021-03-16T19:07:23.045Z] [work-queue] {"queueLength":0,"workRunningCount":1}
[debug] [2021-03-16T19:07:23.045Z] Accepted request GET /amz-clone-e20bf/us-central1/api --> api
[debug] [2021-03-16T19:07:23.046Z] [worker-pool] submitWork(triggerId=api) {"metadata":{"emulator":{"name":"functions"},"message":"[worker-pool] submitWork(triggerId=api)"}}
[debug] [2021-03-16T19:07:23.046Z] [worker-api-7c00a9eb-05a2-4648-92f5-d8877283ed52]: Assigning socketPath: \\?\pipe\C:\Users\DELL\Downloads\amazone-clone\functions\21936 {"metadata":{"emulator":{"name":"functions"},"message":"[worker-api-7c00a9eb-05a2-4648-92f5-d8877283ed52]: Assigning socketPath: \\\\?\\pipe\\C:\\Users\\DELL\\Downloads\\amazone-clone\\functions\\21936"}}
[debug] [2021-03-16T19:07:23.046Z] [worker-api-7c00a9eb-05a2-4648-92f5-d8877283ed52]: BUSY {"metadata":{"emulator":{"name":"functions"},"message":"[worker-api-7c00a9eb-05a2-4648-92f5-d8877283ed52]: BUSY"}}
[debug] [2021-03-16T19:07:23.048Z] [runtime-status] [21936] Trigger "api" has been found, beginning invocation! {"metadata":{"emulator":{"name":"functions"},"function":{"name":"api"},"message":"[runtime-status] [21936] Trigger \"api\" has been found, beginning invocation!"}}
[info] i  functions: Beginning execution of "api" {"metadata":{"emulator":{"name":"functions"},"function":{"name":"api"},"message":"Beginning execution of \"api\""}}
[debug] [2021-03-16T19:07:23.050Z] [runtime-status] [21936] triggerDefinition {"httpsTrigger":{},"name":"api","entryPoint":"api"} {"metadata":{"emulator":{"name":"functions"},"function":{"name":"api"},"message":"[runtime-status] [21936] triggerDefinition {\"httpsTrigger\":{},\"name\":\"api\",\"entryPoint\":\"api\"}"}}
[debug] [2021-03-16T19:07:23.050Z] [runtime-status] [21936] Running api in mode HTTPS {"metadata":{"emulator":{"name":"functions"},"function":{"name":"api"},"message":"[runtime-status] [21936] Running api in mode HTTPS"}}
[debug] [2021-03-16T19:07:23.051Z] [runtime-status] [21936] Attempting to listen to socketPath: \\?\pipe\C:\Users\DELL\Downloads\amazone-clone\functions\21936 {"metadata":{"emulator":{"name":"functions"},"function":{"name":"api"},"message":"[runtime-status] [21936] Attempting to listen to socketPath: \\\\?\\pipe\\C:\\Users\\DELL\\Downloads\\amazone-clone\\functions\\21936"}}
[debug] [2021-03-16T19:07:23.053Z] [functions] Runtime ready! Sending request! {"metadata":{"emulator":{"name":"functions"},"message":"[functions] Runtime ready! Sending request!"}}
[debug] [2021-03-16T19:07:23.054Z] [functions] Got req.url=/amz-clone-e20bf/us-central1/api, mapping to path=/ {"metadata":{"emulator":{"name":"functions"},"message":"[functions] Got req.url=/amz-clone-e20bf/us-central1/api, mapping to path=/"}}
[debug] [2021-03-16T19:07:23.058Z] [runtime-status] [21936] Ephemeral server handling GET request {"metadata":{"emulator":{"name":"functions"},"function":{"name":"api"},"message":"[runtime-status] [21936] Ephemeral server handling GET request"}}
[debug] [2021-03-16T19:07:23.060Z] [runtime-status] [21936] Ephemeral server survived. {"metadata":{"emulator":{"name":"functions"},"function":{"name":"api"},"message":"[runtime-status] [21936] Ephemeral server survived."}}
[info] i  functions: Finished "api" in ~1s {"metadata":{"emulator":{"name":"functions"},"function":{"name":"api"},"message":"Finished \"api\" in ~1s"}}
[debug] [2021-03-16T19:07:23.062Z] [worker-api-7c00a9eb-05a2-4648-92f5-d8877283ed52]: IDLE {"metadata":{"emulator":{"name":"functions"},"message":"[worker-api-7c00a9eb-05a2-4648-92f5-d8877283ed52]: IDLE"}}
[debug] [2021-03-16T19:07:23.062Z] [work-queue] {"queueLength":0,"workRunningCount":0}
